Traceback (most recent call last):
  File "traverser.py", line 165, in <module>
    dot.render(filename="resnet50")
  File "/home/2020147555/myenv/lib/python3.8/site-packages/graphviz/_tools.py", line 171, in wrapper
    return func(*args, **kwargs)
  File "/home/2020147555/myenv/lib/python3.8/site-packages/graphviz/rendering.py", line 122, in render
    rendered = self._render(*args, **kwargs)
  File "/home/2020147555/myenv/lib/python3.8/site-packages/graphviz/_tools.py", line 171, in wrapper
    return func(*args, **kwargs)
  File "/home/2020147555/myenv/lib/python3.8/site-packages/graphviz/backend/rendering.py", line 326, in render
    execute.run_check(cmd,
  File "/home/2020147555/myenv/lib/python3.8/site-packages/graphviz/backend/execute.py", line 78, in run_check
    proc = subprocess.run(cmd, **kwargs)
  File "/usr/lib/python3.8/subprocess.py", line 491, in run
    stdout, stderr = process.communicate(input, timeout=timeout)
  File "/usr/lib/python3.8/subprocess.py", line 1024, in communicate
    stdout, stderr = self._communicate(input, endtime, timeout)
  File "/usr/lib/python3.8/subprocess.py", line 1866, in _communicate
    ready = selector.select(timeout)
  File "/usr/lib/python3.8/selectors.py", line 415, in select
    fd_event_list = self._selector.poll(timeout)
KeyboardInterrupt
